<?xml version="1.0" encoding="UTF-8"?>
<testng-results ignored="0" total="1" passed="1" failed="0" skipped="0">
  <reporter-output>
  </reporter-output>
  <suite started-at="2019-09-23T15:06:33 IST" name="Default suite" finished-at="2019-09-23T15:06:37 IST" duration-ms="4490">
    <groups>
    </groups>
    <test started-at="2019-09-23T15:06:33 IST" name="Default test" finished-at="2019-09-23T15:06:37 IST" duration-ms="4490">
      <class name="toastMessage.ToastMeassageHandling">
        <test-method signature="testToastMessage()[pri:0, instance:toastMessage.ToastMeassageHandling@188715b5]" started-at="2019-09-23T15:06:33 IST" name="testToastMessage" finished-at="2019-09-23T15:06:37 IST" duration-ms="4461" status="PASS">
          <reporter-output>
          </reporter-output>
        </test-method> <!-- testToastMessage -->
      </class> <!-- toastMessage.ToastMeassageHandling -->
    </test> <!-- Default test -->
  </suite> <!-- Default suite -->
</testng-results>
