<?xml version="1.0" encoding="UTF-8"?>
<!-- Generated by org.testng.reporters.JUnitXMLReporter -->
<testsuite ignored="0" hostname="admin1-desktop" failures="1" tests="1" name="Test" time="0.083" errors="0" timestamp="2019-09-22T16:55:35 IST">
  <testcase classname="crossbrowser.VerifyTitle" name="VerifyPageTitle" time="0.055">
    <failure type="java.lang.IllegalStateException" message="The driver executable does not exist: /home/admin1/eclipse-workspace/Selenium/./driver/geckodriver.exe">
      <![CDATA[java.lang.IllegalStateException: The driver executable does not exist: /home/admin1/eclipse-workspace/Selenium/./driver/geckodriver.exe
at com.google.common.base.Preconditions.checkState(Preconditions.java:585)
at org.openqa.selenium.remote.service.DriverService.checkExecutable(DriverService.java:146)
at org.openqa.selenium.remote.service.DriverService.findExecutable(DriverService.java:141)
at org.openqa.selenium.firefox.GeckoDriverService.access$100(GeckoDriverService.java:44)
at org.openqa.selenium.firefox.GeckoDriverService$Builder.findDefaultExecutable(GeckoDriverService.java:167)
at org.openqa.selenium.remote.service.DriverService$Builder.build(DriverService.java:355)
at org.openqa.selenium.firefox.FirefoxDriver.toExecutor(FirefoxDriver.java:190)
at org.openqa.selenium.firefox.FirefoxDriver.<init>(FirefoxDriver.java:147)
at org.openqa.selenium.firefox.FirefoxDriver.<init>(FirefoxDriver.java:125)
at crossbrowser.VerifyTitle.VerifyPageTitle(VerifyTitle.java:21)
at java.base/java.util.ArrayList.forEach(ArrayList.java:1540)
... Removed 27 stack frames]]>
    </failure>
  </testcase> <!-- VerifyPageTitle -->
</testsuite> <!-- Test -->
