<?xml version="1.0" encoding="UTF-8"?>
<!-- Generated by org.testng.reporters.JUnitXMLReporter -->
<testsuite ignored="0" hostname="admin1-desktop" failures="2" tests="6" name="Test" time="0.05" errors="0" timestamp="2019-09-27T15:56:08 IST">
  <testcase classname="xlReport.TestClassTwo" name="testMethodFail" time="0.01">
    <failure type="java.lang.AssertionError" message="did not expect to find [true] but found [false]">
      <![CDATA[java.lang.AssertionError: did not expect to find [true] but found [false]
at xlReport.TestClassTwo.testMethodFail(TestClassTwo.java:18)
at java.base/java.util.ArrayList.forEach(ArrayList.java:1540)
... Removed 31 stack frames]]>
    </failure>
  </testcase> <!-- testMethodFail -->
  <testcase classname="xlReport.TestClassTwo" name="testMethodPass" time="0.001"/>
  <testcase classname="xlReport.TestClassTwo" name="testMethodSkip" time="0.001">
    <skipped/>
  </testcase> <!-- testMethodSkip -->
  <testcase classname="xlReport.TestClassOne" name="testMethodFail" time="0.001">
    <failure type="java.lang.AssertionError" message="did not expect to find [true] but found [false]">
      <![CDATA[java.lang.AssertionError: did not expect to find [true] but found [false]
at xlReport.TestClassOne.testMethodFail(TestClassOne.java:18)
at java.base/java.util.ArrayList.forEach(ArrayList.java:1540)
... Removed 31 stack frames]]>
    </failure>
  </testcase> <!-- testMethodFail -->
  <testcase classname="xlReport.TestClassOne" name="testMethodPass" time="0.001"/>
  <testcase classname="xlReport.TestClassOne" name="testMethodSkip" time="0.002">
    <skipped/>
  </testcase> <!-- testMethodSkip -->
</testsuite> <!-- Test -->
