<?xml version="1.0" encoding="UTF-8"?>
<testng-results ignored="0" total="1" passed="1" failed="0" skipped="0">
  <reporter-output>
  </reporter-output>
  <suite started-at="2019-09-23T13:22:23 IST" name="Default suite" finished-at="2019-09-23T13:22:41 IST" duration-ms="18197">
    <groups>
    </groups>
    <test started-at="2019-09-23T13:22:23 IST" name="Default test" finished-at="2019-09-23T13:22:41 IST" duration-ms="18197">
      <class name="testBlog.TestSelenium">
        <test-method is-config="true" signature="setupTest()[pri:0, instance:testBlog.TestSelenium@130161f7]" started-at="2019-09-23T13:22:23 IST" name="setupTest" finished-at="2019-09-23T13:22:23 IST" duration-ms="7" status="PASS">
          <reporter-output>
          </reporter-output>
        </test-method> <!-- setupTest -->
        <test-method signature="testChrome()[pri:0, instance:testBlog.TestSelenium@130161f7]" started-at="2019-09-23T13:22:23 IST" name="testChrome" finished-at="2019-09-23T13:22:41 IST" duration-ms="18169" status="PASS">
          <reporter-output>
          </reporter-output>
        </test-method> <!-- testChrome -->
      </class> <!-- testBlog.TestSelenium -->
    </test> <!-- Default test -->
  </suite> <!-- Default suite -->
</testng-results>
