<?xml version="1.0" encoding="UTF-8"?>
<!-- Generated by org.testng.reporters.JUnitXMLReporter -->
<testsuite ignored="0" hostname="admin1-desktop" failures="1" tests="3" name="SaveReportToExcel" time="14.048" errors="0" timestamp="2019-09-27T16:58:12 IST">
  <testcase classname="TestNgReport.SaveReportToExcel" name="LaunchWebsite" time="10.68"/>
  <testcase classname="TestNgReport.SaveReportToExcel" name="FillLoginDetails" time="1.195"/>
  <testcase classname="TestNgReport.SaveReportToExcel" name="DoLogin" time="0.058">
    <failure type="java.lang.AssertionError" message="did not expect to find [true] but found [false]">
      <![CDATA[java.lang.AssertionError: did not expect to find [true] but found [false]
at TestNgReport.SaveReportToExcel.DoLogin(SaveReportToExcel.java:95)
at java.base/java.util.ArrayList.forEach(ArrayList.java:1540)
... Removed 31 stack frames]]>
    </failure>
  </testcase> <!-- DoLogin -->
</testsuite> <!-- SaveReportToExcel -->
