<?xml version="1.0" encoding="UTF-8"?>
<testng-results ignored="0" total="2" passed="2" failed="0" skipped="0">
  <reporter-output>
  </reporter-output>
  <suite started-at="2019-09-23T09:19:28 IST" name="TestSuite" finished-at="2019-09-23T09:19:41 IST" duration-ms="13613">
    <groups>
    </groups>
    <test started-at="2019-09-23T09:19:28 IST" name="ChromeTest" finished-at="2019-09-23T09:19:33 IST" duration-ms="5348">
      <class name="parallelTest.CrossBrowserScript">
        <test-method is-config="true" signature="setup(java.lang.String)[pri:0, instance:parallelTest.CrossBrowserScript@56620197]" started-at="2019-09-23T09:19:28 IST" name="setup" finished-at="2019-09-23T09:19:29 IST" duration-ms="978" status="PASS">
          <params>
            <param index="0">
              <value>
                <![CDATA[Chrome]]>
              </value>
            </param>
          </params>
          <reporter-output>
          </reporter-output>
        </test-method> <!-- setup -->
        <test-method signature="testParameterWithXML()[pri:0, instance:parallelTest.CrossBrowserScript@56620197]" started-at="2019-09-23T09:19:29 IST" name="testParameterWithXML" finished-at="2019-09-23T09:19:33 IST" duration-ms="4344" status="PASS">
          <reporter-output>
          </reporter-output>
        </test-method> <!-- testParameterWithXML -->
      </class> <!-- parallelTest.CrossBrowserScript -->
    </test> <!-- ChromeTest -->
    <test started-at="2019-09-23T09:19:28 IST" name="FirefoxTest" finished-at="2019-09-23T09:19:41 IST" duration-ms="13613">
      <class name="parallelTest.CrossBrowserScript">
        <test-method is-config="true" signature="setup(java.lang.String)[pri:0, instance:parallelTest.CrossBrowserScript@5af3afd9]" started-at="2019-09-23T09:19:28 IST" name="setup" finished-at="2019-09-23T09:19:33 IST" duration-ms="5084" status="PASS">
          <params>
            <param index="0">
              <value>
                <![CDATA[Firefox]]>
              </value>
            </param>
          </params>
          <reporter-output>
          </reporter-output>
        </test-method> <!-- setup -->
        <test-method signature="testParameterWithXML()[pri:0, instance:parallelTest.CrossBrowserScript@5af3afd9]" started-at="2019-09-23T09:19:33 IST" name="testParameterWithXML" finished-at="2019-09-23T09:19:41 IST" duration-ms="8520" status="PASS">
          <reporter-output>
          </reporter-output>
        </test-method> <!-- testParameterWithXML -->
      </class> <!-- parallelTest.CrossBrowserScript -->
    </test> <!-- FirefoxTest -->
  </suite> <!-- TestSuite -->
</testng-results>
